2019-03-02 20:45:36,326 views.py[line:144] INFO ffffffffffffffffffffffffff
2019-03-02 20:45:36,328 views.py[line:157] INFO C:\\Users\\Cheng\\Desktop\\Developing\\kword\\words
2019-03-02 20:45:44,703 views.py[line:129] INFO {'fail': '\xe4\xbf\xae\xe6\x94\xb9\xe5\xa4\xb1\xe8\xb4\xa5\xef\xbc\x81'}
2019-03-02 20:47:29,680 views.py[line:144] INFO ffffffffffffffffffffffffff
2019-03-02 20:47:29,680 views.py[line:157] INFO C:\\Users\\Cheng\\Desktop\\test_python
2019-03-02 20:47:54,073 views.py[line:144] INFO ffffffffffffffffffffffffff
2019-03-02 20:47:54,075 views.py[line:157] INFO C:\\Users\\Cheng\\Desktop\\test_python
2019-03-02 20:48:05,392 views.py[line:129] INFO {'fail': '\xe4\xbf\xae\xe6\x94\xb9\xe5\xa4\xb1\xe8\xb4\xa5\xef\xbc\x81'}
2019-03-02 20:48:30,861 views.py[line:144] INFO ffffffffffffffffffffffffff
2019-03-02 20:48:30,861 views.py[line:157] INFO C:\\Users\\Cheng\\Desktop\\Developing\\kword\\words
2019-03-02 20:49:28,463 views.py[line:129] INFO {'fail': '\xe4\xbf\xae\xe6\x94\xb9\xe5\xa4\xb1\xe8\xb4\xa5\xef\xbc\x81'}
2019-03-02 20:49:50,130 views.py[line:144] INFO ffffffffffffffffffffffffff
2019-03-02 20:49:50,131 views.py[line:157] INFO C:\\Users\\Cheng\\Desktop\\Developing\\kword\\wordss
2019-03-02 20:55:41,630 views.py[line:129] INFO {'fail': '\xe4\xbf\xae\xe6\x94\xb9\xe5\xa4\xb1\xe8\xb4\xa5\xef\xbc\x81'}
2019-03-02 21:23:03,085 views.py[line:129] INFO {'fail': '\xe4\xbf\xae\xe6\x94\xb9\xe5\xa4\xb1\xe8\xb4\xa5\xef\xbc\x81'}
2019-03-02 21:23:12,428 views.py[line:129] INFO {'fail': '\xe4\xbf\xae\xe6\x94\xb9\xe5\xa4\xb1\xe8\xb4\xa5\xef\xbc\x81'}
2019-03-02 21:23:31,723 views.py[line:129] INFO {'fail': '\xe4\xbf\xae\xe6\x94\xb9\xe5\xa4\xb1\xe8\xb4\xa5\xef\xbc\x81'}
2019-03-02 21:23:51,786 views.py[line:144] INFO ffffffffffffffffffffffffff
2019-03-02 21:23:51,788 views.py[line:157] INFO C:\\Users\\Cheng\\Desktop\\Developing\\kword\\words
2019-03-02 21:36:56,213 views.py[line:130] INFO {'fail': '\xe4\xbf\xae\xe6\x94\xb9\xe5\xa4\xb1\xe8\xb4\xa5\xef\xbc\x81'}
2019-03-02 21:37:16,204 views.py[line:145] INFO ffffffffffffffffffffffffff
2019-03-02 21:37:16,206 views.py[line:158] INFO C:\\Users\\Cheng\\Desktop\\Developing\\kword\\words
2019-03-02 21:38:16,605 views.py[line:130] INFO {'fail': '\xe4\xbf\xae\xe6\x94\xb9\xe5\xa4\xb1\xe8\xb4\xa5\xef\xbc\x81'}
2019-03-02 21:39:55,821 views.py[line:129] INFO {'fail': '\xe4\xbf\xae\xe6\x94\xb9\xe5\xa4\xb1\xe8\xb4\xa5\xef\xbc\x81'}
2019-03-02 21:40:17,628 views.py[line:144] INFO ffffffffffffffffffffffffff
2019-03-02 21:40:17,630 views.py[line:157] INFO C:\\Users\\Cheng\\Desktop\\Developing\\kword\\words
2019-03-23 15:59:46,904 views.py[line:144] INFO ffffffffffffffffffffffffff
2019-03-23 15:59:46,905 views.py[line:157] INFO C:\\Users\\Cheng\\Desktop\\Developing\\kword\\words
2019-03-23 15:59:51,471 views.py[line:129] INFO {'fail': '\xe4\xbf\xae\xe6\x94\xb9\xe5\xa4\xb1\xe8\xb4\xa5\xef\xbc\x81'}
2019-03-23 16:00:13,940 views.py[line:144] INFO ffffffffffffffffffffffffff
2019-03-23 16:00:13,941 views.py[line:157] INFO C:\\Users\\Cheng\\Desktop\\Developing\\kword\\words
2019-03-23 16:00:18,671 views.py[line:144] INFO ffffffffffffffffffffffffff
2019-03-23 16:00:18,673 views.py[line:157] INFO C:\\Users\\Cheng\\Desktop\\Developing\\kword\\words
2019-03-23 16:00:31,174 views.py[line:144] INFO ffffffffffffffffffffffffff
2019-03-23 16:00:31,174 views.py[line:157] INFO C:\\Users\\Cheng\\Desktop\\Developing\\kword\\words
2019-03-23 16:15:10,338 views.py[line:144] INFO ffffffffffffffffffffffffff
2019-03-23 16:15:10,341 views.py[line:157] INFO C:\\Users\\Cheng\\Desktop\\Developing\\kword\\words
2019-03-23 16:15:20,243 views.py[line:144] INFO ffffffffffffffffffffffffff
2019-03-23 16:15:20,244 views.py[line:157] INFO C:\\Users\\Cheng\\Desktop\\Developing\\kword\\words
2019-03-23 16:19:25,832 views.py[line:144] INFO ffffffffffffffffffffffffff
2019-03-23 16:19:25,832 views.py[line:157] INFO C:\\Users\\Cheng\\Desktop\\Developing\\kword\\words
2019-03-23 16:20:09,516 views.py[line:144] INFO ffffffffffffffffffffffffff
2019-03-23 16:20:09,517 views.py[line:157] INFO C:\\Users\\Cheng\\Desktop\\Developing\\kword\\words
2019-03-23 16:21:27,848 views.py[line:144] INFO ffffffffffffffffffffffffff
2019-03-23 16:21:27,849 views.py[line:157] INFO C:\\Users\\Cheng\\Desktop\\Developing\\kword\\words
2019-03-23 16:22:28,170 views.py[line:144] INFO ffffffffffffffffffffffffff
2019-03-23 16:22:28,171 views.py[line:157] INFO C:\\Users\\Cheng\\Desktop\\Developing\\kword\\words
2019-03-23 16:25:01,459 views.py[line:144] INFO ffffffffffffffffffffffffff
2019-03-23 16:25:01,460 views.py[line:157] INFO C:\\Users\\Cheng\\Desktop\\Developing\\kword\\words
2019-03-23 16:28:53,342 views.py[line:144] INFO ffffffffffffffffffffffffff
2019-03-23 16:28:53,342 views.py[line:157] INFO C:\\Users\\Cheng\\Desktop\\Developing\\kword\\words
2019-03-23 16:43:32,188 views.py[line:144] INFO ffffffffffffffffffffffffff
2019-03-23 16:43:32,190 views.py[line:157] INFO C:\\Users\\Cheng\\Desktop\\Developing\\kword\\words
2019-03-23 16:43:35,046 views.py[line:144] INFO ffffffffffffffffffffffffff
2019-03-23 16:43:35,046 views.py[line:157] INFO C:\\Users\\Cheng\\Desktop\\Developing\\kword\\words
2019-03-23 16:45:03,319 views.py[line:144] INFO ffffffffffffffffffffffffff
2019-03-23 16:45:03,321 views.py[line:157] INFO C:\\Users\\Cheng\\Desktop\\Developing\\kword\\words
2019-03-23 16:54:02,950 views.py[line:144] INFO ffffffffffffffffffffffffff
2019-03-23 16:54:02,950 views.py[line:157] INFO C:\\Users\\Cheng\\Desktop\\Developing\\kword\\words
2019-03-23 16:55:13,703 views.py[line:144] INFO ffffffffffffffffffffffffff
2019-03-23 16:55:13,703 views.py[line:157] INFO C:\\Users\\Cheng\\Desktop\\Developing\\kword\\words
2019-03-23 16:56:55,361 views.py[line:144] INFO ffffffffffffffffffffffffff
2019-03-23 16:56:55,362 views.py[line:157] INFO C:\\Users\\Cheng\\Desktop\\Developing\\kword\\words
2019-03-23 17:00:41,573 views.py[line:144] INFO ffffffffffffffffffffffffff
2019-03-23 17:00:41,575 views.py[line:157] INFO C:\\Users\\Cheng\\Desktop\\Developing\\kword\\words
2019-03-23 17:01:42,982 views.py[line:144] INFO ffffffffffffffffffffffffff
2019-03-23 17:01:42,983 views.py[line:157] INFO C:\\Users\\Cheng\\Desktop\\Developing\\kword\\words
2019-03-23 17:02:02,509 views.py[line:144] INFO ffffffffffffffffffffffffff
2019-03-23 17:02:02,509 views.py[line:157] INFO C:\\Users\\Cheng\\Desktop\\Developing\\kword\\words
2019-03-23 17:02:11,582 views.py[line:144] INFO ffffffffffffffffffffffffff
2019-03-23 17:02:11,582 views.py[line:157] INFO C:\\Users\\Cheng\\Desktop\\Developing\\kword\\words
2019-03-23 17:02:30,671 views.py[line:144] INFO ffffffffffffffffffffffffff
2019-03-23 17:02:30,671 views.py[line:157] INFO C:\\Users\\Cheng\\Desktop\\Developing\\kword\\words
2019-03-23 17:04:05,549 views.py[line:144] INFO ffffffffffffffffffffffffff
2019-03-23 17:04:05,549 views.py[line:157] INFO C:\\Users\\Cheng\\Desktop\\Developing\\kword\\words
2019-03-23 17:09:48,319 views.py[line:144] INFO ffffffffffffffffffffffffff
2019-03-23 17:09:48,321 views.py[line:157] INFO C:\\Users\\Cheng\\Desktop\\Developing\\kword\\words
2019-03-23 17:10:25,000 views.py[line:144] INFO ffffffffffffffffffffffffff
2019-03-23 17:10:25,002 views.py[line:157] INFO C:\\Users\\Cheng\\Desktop\\Developing\\kword\\words
2019-03-23 17:12:25,914 views.py[line:144] INFO ffffffffffffffffffffffffff
2019-03-23 17:12:25,914 views.py[line:157] INFO C:\\Users\\Cheng\\Desktop\\Developing\\kword\\words
2019-03-23 17:12:40,191 views.py[line:144] INFO ffffffffffffffffffffffffff
2019-03-23 17:12:40,191 views.py[line:157] INFO C:\\Users\\Cheng\\Desktop\\Developing\\kword\\words
2019-03-23 17:13:14,239 views.py[line:144] INFO ffffffffffffffffffffffffff
2019-03-23 17:13:14,240 views.py[line:157] INFO C:\\Users\\Cheng\\Desktop\\Developing\\kword\\words
2019-03-23 17:13:35,888 views.py[line:144] INFO ffffffffffffffffffffffffff
2019-03-23 17:13:35,890 views.py[line:157] INFO C:\\Users\\Cheng\\Desktop\\Developing\\kword\\words
2019-03-23 17:14:23,854 views.py[line:144] INFO ffffffffffffffffffffffffff
2019-03-23 17:14:23,855 views.py[line:157] INFO C:\\Users\\Cheng\\Desktop\\Developing\\kword\\words
2019-03-23 17:14:52,641 views.py[line:144] INFO ffffffffffffffffffffffffff
2019-03-23 17:14:52,641 views.py[line:157] INFO C:\\Users\\Cheng\\Desktop\\Developing\\kword\\words
2019-03-23 17:15:15,082 views.py[line:144] INFO ffffffffffffffffffffffffff
2019-03-23 17:15:15,084 views.py[line:157] INFO C:\\Users\\Cheng\\Desktop\\Developing\\kword\\words
2019-03-23 17:15:17,719 views.py[line:144] INFO ffffffffffffffffffffffffff
2019-03-23 17:15:17,720 views.py[line:157] INFO C:\\Users\\Cheng\\Desktop\\Developing\\kword\\words
2019-03-23 17:15:32,773 views.py[line:144] INFO ffffffffffffffffffffffffff
2019-03-23 17:15:32,775 views.py[line:157] INFO C:\\Users\\Cheng\\Desktop\\Developing\\kword\\words
2019-03-23 17:15:38,250 views.py[line:144] INFO ffffffffffffffffffffffffff
2019-03-23 17:15:38,250 views.py[line:157] INFO C:\\Users\\Cheng\\Desktop\\Developing\\kword\\words
2019-03-23 17:16:05,516 views.py[line:144] INFO ffffffffffffffffffffffffff
2019-03-23 17:16:05,516 views.py[line:157] INFO C:\\Users\\Cheng\\Desktop\\Developing\\kword\\words
2019-03-23 17:16:10,941 views.py[line:144] INFO ffffffffffffffffffffffffff
2019-03-23 17:16:10,943 views.py[line:157] INFO C:\\Users\\Cheng\\Desktop\\Developing\\kword\\words
2019-03-23 17:18:11,056 views.py[line:144] INFO ffffffffffffffffffffffffff
2019-03-23 17:18:11,058 views.py[line:157] INFO C:\\Users\\Cheng\\Desktop\\Developing\\kword\\words
2019-03-23 17:18:11,984 views.py[line:144] INFO ffffffffffffffffffffffffff
2019-03-23 17:18:11,986 views.py[line:157] INFO C:\\Users\\Cheng\\Desktop\\Developing\\kword\\words
2019-03-23 17:18:17,924 views.py[line:144] INFO ffffffffffffffffffffffffff
2019-03-23 17:18:17,924 views.py[line:157] INFO C:\\Users\\Cheng\\Desktop\\Developing\\kword\\words
2019-03-23 17:18:25,555 views.py[line:144] INFO ffffffffffffffffffffffffff
2019-03-23 17:18:25,555 views.py[line:157] INFO C:\\Users\\Cheng\\Desktop\\Developing\\kword\\words
2019-03-23 17:18:32,680 views.py[line:144] INFO ffffffffffffffffffffffffff
2019-03-23 17:18:32,680 views.py[line:157] INFO C:\\Users\\Cheng\\Desktop\\Developing\\kword\\words
2019-03-23 17:19:13,890 views.py[line:144] INFO ffffffffffffffffffffffffff
2019-03-23 17:19:13,891 views.py[line:157] INFO C:\\Users\\Cheng\\Desktop\\Developing\\kword\\words
2019-03-23 17:19:18,335 views.py[line:144] INFO ffffffffffffffffffffffffff
2019-03-23 17:19:18,335 views.py[line:157] INFO C:\\Users\\Cheng\\Desktop\\Developing\\kword\\words
2019-03-23 17:21:06,013 views.py[line:144] INFO ffffffffffffffffffffffffff
2019-03-23 17:21:06,015 views.py[line:157] INFO C:\\Users\\Cheng\\Desktop\\Developing\\kword\\words
2019-03-23 17:24:05,584 views.py[line:144] INFO ffffffffffffffffffffffffff
2019-03-23 17:24:05,585 views.py[line:157] INFO C:\\Users\\Cheng\\Desktop\\Developing\\kword\\words
2019-03-23 17:25:37,700 views.py[line:144] INFO ffffffffffffffffffffffffff
2019-03-23 17:25:37,701 views.py[line:157] INFO C:\\Users\\Cheng\\Desktop\\Developing\\kword\\words
2019-03-23 17:26:33,959 views.py[line:144] INFO ffffffffffffffffffffffffff
2019-03-23 17:26:33,960 views.py[line:157] INFO C:\\Users\\Cheng\\Desktop\\Developing\\kword\\words
2019-03-23 17:30:16,354 views.py[line:144] INFO ffffffffffffffffffffffffff
2019-03-23 17:30:16,355 views.py[line:157] INFO C:\\Users\\Cheng\\Desktop\\Developing\\kword\\words
2019-03-23 17:32:28,943 views.py[line:144] INFO ffffffffffffffffffffffffff
2019-03-23 17:32:28,944 views.py[line:157] INFO C:\\Users\\Cheng\\Desktop\\Developing\\kword\\words
2019-03-23 17:33:01,585 views.py[line:144] INFO ffffffffffffffffffffffffff
2019-03-23 17:33:01,585 views.py[line:157] INFO C:\\Users\\Cheng\\Desktop\\Developing\\kword\\words
2019-03-23 17:34:46,138 views.py[line:144] INFO ffffffffffffffffffffffffff
2019-03-23 17:34:46,140 views.py[line:157] INFO C:\\Users\\Cheng\\Desktop\\Developing\\kword\\words
2019-03-23 17:36:24,224 views.py[line:144] INFO ffffffffffffffffffffffffff
2019-03-23 17:36:24,226 views.py[line:157] INFO C:\\Users\\Cheng\\Desktop\\Developing\\kword\\words
2019-03-23 17:43:21,517 views.py[line:144] INFO ffffffffffffffffffffffffff
2019-03-23 17:43:21,519 views.py[line:157] INFO C:\\Users\\Cheng\\Desktop\\Developing\\kword\\words
2019-03-23 17:44:00,523 views.py[line:144] INFO ffffffffffffffffffffffffff
2019-03-23 17:44:00,526 views.py[line:157] INFO C:\\Users\\Cheng\\Desktop\\Developing\\kword\\words
2019-03-23 17:49:34,365 views.py[line:144] INFO ffffffffffffffffffffffffff
2019-03-23 17:49:34,365 views.py[line:157] INFO C:\\Users\\Cheng\\Desktop\\Developing\\kword\\words
2019-03-23 17:50:42,757 views.py[line:144] INFO ffffffffffffffffffffffffff
2019-03-23 17:50:42,759 views.py[line:157] INFO C:\\Users\\Cheng\\Desktop\\Developing\\kword\\words
2019-03-23 17:51:48,246 views.py[line:144] INFO ffffffffffffffffffffffffff
2019-03-23 17:51:48,246 views.py[line:157] INFO C:\\Users\\Cheng\\Desktop\\Developing\\kword\\words
2019-03-23 17:54:31,229 views.py[line:144] INFO ffffffffffffffffffffffffff
2019-03-23 17:54:31,230 views.py[line:157] INFO C:\\Users\\Cheng\\Desktop\\Developing\\kword\\words
2019-03-23 18:15:10,065 views.py[line:144] INFO ffffffffffffffffffffffffff
2019-03-23 18:15:10,065 views.py[line:157] INFO C:\\Users\\Cheng\\Desktop\\Developing\\kword\\words
2019-03-23 18:15:56,851 views.py[line:144] INFO ffffffffffffffffffffffffff
2019-03-23 18:15:56,852 views.py[line:157] INFO C:\\Users\\Cheng\\Desktop\\Developing\\kword\\words
2019-03-23 18:17:17,783 views.py[line:144] INFO ffffffffffffffffffffffffff
2019-03-23 18:17:17,783 views.py[line:157] INFO C:\\Users\\Cheng\\Desktop\\Developing\\kword\\words
2019-03-23 18:18:29,140 views.py[line:144] INFO ffffffffffffffffffffffffff
2019-03-23 18:18:29,141 views.py[line:157] INFO C:\\Users\\Cheng\\Desktop\\Developing\\kword\\words
2019-03-23 18:19:25,164 views.py[line:144] INFO ffffffffffffffffffffffffff
2019-03-23 18:19:25,165 views.py[line:157] INFO C:\\Users\\Cheng\\Desktop\\Developing\\kword\\words
2019-03-23 18:21:56,364 views.py[line:144] INFO ffffffffffffffffffffffffff
2019-03-23 18:21:56,364 views.py[line:157] INFO C:\\Users\\Cheng\\Desktop\\Developing\\kword\\words
2019-03-23 18:25:28,520 views.py[line:144] INFO ffffffffffffffffffffffffff
2019-03-23 18:25:28,522 views.py[line:157] INFO C:\\Users\\Cheng\\Desktop\\Developing\\kword\\words
2019-03-23 18:26:38,871 views.py[line:144] INFO ffffffffffffffffffffffffff
2019-03-23 18:26:38,871 views.py[line:157] INFO C:\\Users\\Cheng\\Desktop\\Developing\\kword\\words
2019-03-23 18:27:44,391 views.py[line:144] INFO ffffffffffffffffffffffffff
2019-03-23 18:27:44,392 views.py[line:157] INFO C:\\Users\\Cheng\\Desktop\\Developing\\kword\\words
2019-03-23 18:29:28,214 views.py[line:144] INFO ffffffffffffffffffffffffff
2019-03-23 18:29:28,216 views.py[line:157] INFO C:\\Users\\Cheng\\Desktop\\Developing\\kword\\words
2019-03-23 18:30:33,418 views.py[line:144] INFO ffffffffffffffffffffffffff
2019-03-23 18:30:33,420 views.py[line:157] INFO C:\\Users\\Cheng\\Desktop\\Developing\\kword\\words
2019-03-23 18:31:30,753 views.py[line:144] INFO ffffffffffffffffffffffffff
2019-03-23 18:31:30,755 views.py[line:157] INFO C:\\Users\\Cheng\\Desktop\\Developing\\kword\\words
2019-03-23 18:32:13,628 views.py[line:144] INFO ffffffffffffffffffffffffff
2019-03-23 18:32:13,628 views.py[line:157] INFO C:\\Users\\Cheng\\Desktop\\Developing\\kword\\words
2019-03-23 18:33:19,835 views.py[line:144] INFO ffffffffffffffffffffffffff
2019-03-23 18:33:19,835 views.py[line:157] INFO C:\\Users\\Cheng\\Desktop\\Developing\\kword\\words
2019-03-23 18:34:38,742 views.py[line:144] INFO ffffffffffffffffffffffffff
2019-03-23 18:34:38,743 views.py[line:157] INFO C:\\Users\\Cheng\\Desktop\\Developing\\kword\\words
2019-03-23 18:35:29,778 views.py[line:144] INFO ffffffffffffffffffffffffff
2019-03-23 18:35:29,779 views.py[line:157] INFO C:\\Users\\Cheng\\Desktop\\Developing\\kword\\words
2019-03-23 18:36:15,441 views.py[line:144] INFO ffffffffffffffffffffffffff
2019-03-23 18:36:15,443 views.py[line:157] INFO C:\\Users\\Cheng\\Desktop\\Developing\\kword\\words
2019-03-23 18:36:25,890 views.py[line:144] INFO ffffffffffffffffffffffffff
2019-03-23 18:36:25,891 views.py[line:157] INFO C:\\Users\\Cheng\\Desktop\\Developing\\kword\\words
2019-03-23 18:36:46,066 views.py[line:144] INFO ffffffffffffffffffffffffff
2019-03-23 18:36:46,068 views.py[line:157] INFO C:\\Users\\Cheng\\Desktop\\Developing\\kword\\words
2019-03-23 18:37:01,375 views.py[line:144] INFO ffffffffffffffffffffffffff
2019-03-23 18:37:01,377 views.py[line:157] INFO C:\\Users\\Cheng\\Desktop\\Developing\\kword\\words
2019-03-23 18:39:46,295 views.py[line:144] INFO ffffffffffffffffffffffffff
2019-03-23 18:39:46,296 views.py[line:157] INFO C:\\Users\\Cheng\\Desktop\\Developing\\kword\\words
2019-03-23 18:40:52,454 views.py[line:144] INFO ffffffffffffffffffffffffff
2019-03-23 18:40:52,456 views.py[line:157] INFO C:\\Users\\Cheng\\Desktop\\Developing\\kword\\words
2019-03-23 18:41:06,181 views.py[line:144] INFO ffffffffffffffffffffffffff
2019-03-23 18:41:06,184 views.py[line:157] INFO C:\\Users\\Cheng\\Desktop\\Developing\\kword\\words
2019-03-23 18:52:29,594 views.py[line:144] INFO ffffffffffffffffffffffffff
2019-03-23 18:52:29,595 views.py[line:157] INFO C:\\Users\\Cheng\\Desktop\\Developing\\kword\\words
2019-03-23 18:58:11,625 views.py[line:144] INFO ffffffffffffffffffffffffff
2019-03-23 18:58:11,627 views.py[line:157] INFO C:\\Users\\Cheng\\Desktop\\Developing\\kword\\words
2019-03-23 18:58:34,831 views.py[line:144] INFO ffffffffffffffffffffffffff
2019-03-23 18:58:34,832 views.py[line:157] INFO C:\\Users\\Cheng\\Desktop\\Developing\\kword\\words
2019-03-23 19:11:36,684 views.py[line:144] INFO ffffffffffffffffffffffffff
2019-03-23 19:11:36,684 views.py[line:157] INFO C:\\Users\\Cheng\\Desktop\\Developing\\kword\\words
2019-03-23 19:11:46,545 views.py[line:144] INFO ffffffffffffffffffffffffff
2019-03-23 19:11:46,546 views.py[line:157] INFO C:\\Users\\Cheng\\Desktop\\Developing\\kword\\words
2019-03-23 19:11:56,441 views.py[line:144] INFO ffffffffffffffffffffffffff
2019-03-23 19:11:56,443 views.py[line:157] INFO C:\\Users\\Cheng\\Desktop\\Developing\\kword\\words
2019-03-23 19:12:07,832 views.py[line:144] INFO ffffffffffffffffffffffffff
2019-03-23 19:12:07,832 views.py[line:157] INFO C:\\Users\\Cheng\\Desktop\\Developing\\kword\\words
2019-03-23 19:12:16,698 views.py[line:144] INFO ffffffffffffffffffffffffff
2019-03-23 19:12:16,700 views.py[line:157] INFO C:\\Users\\Cheng\\Desktop\\Developing\\kword\\words
2019-03-23 19:22:55,063 views.py[line:144] INFO ffffffffffffffffffffffffff
2019-03-23 19:22:55,063 views.py[line:157] INFO C:\\Users\\Cheng\\Desktop\\Developing\\kword\\words
2019-03-23 19:23:02,289 views.py[line:144] INFO ffffffffffffffffffffffffff
2019-03-23 19:23:02,290 views.py[line:157] INFO C:\\Users\\Cheng\\Desktop\\Developing\\kword\\words
2019-03-23 19:24:45,242 views.py[line:144] INFO ffffffffffffffffffffffffff
2019-03-23 19:24:45,243 views.py[line:157] INFO C:\\Users\\Cheng\\Desktop\\Developing\\kword\\words
2019-03-23 19:24:48,148 views.py[line:144] INFO ffffffffffffffffffffffffff
2019-03-23 19:24:48,148 views.py[line:157] INFO C:\\Users\\Cheng\\Desktop\\Developing\\kword\\words
2019-03-23 19:24:48,959 views.py[line:144] INFO ffffffffffffffffffffffffff
2019-03-23 19:24:48,960 views.py[line:157] INFO C:\\Users\\Cheng\\Desktop\\Developing\\kword\\words
2019-03-23 19:24:49,549 views.py[line:144] INFO ffffffffffffffffffffffffff
2019-03-23 19:24:49,549 views.py[line:157] INFO C:\\Users\\Cheng\\Desktop\\Developing\\kword\\words
2019-03-23 19:24:50,091 views.py[line:144] INFO ffffffffffffffffffffffffff
2019-03-23 19:24:50,092 views.py[line:157] INFO C:\\Users\\Cheng\\Desktop\\Developing\\kword\\words
2019-03-23 19:26:51,825 views.py[line:144] INFO ffffffffffffffffffffffffff
2019-03-23 19:26:51,825 views.py[line:157] INFO C:\\Users\\Cheng\\Desktop\\Developing\\kword\\words
2019-03-23 19:26:55,631 views.py[line:144] INFO ffffffffffffffffffffffffff
2019-03-23 19:26:55,631 views.py[line:157] INFO C:\\Users\\Cheng\\Desktop\\Developing\\kword\\words
2019-03-23 19:26:56,844 views.py[line:144] INFO ffffffffffffffffffffffffff
2019-03-23 19:26:56,845 views.py[line:157] INFO C:\\Users\\Cheng\\Desktop\\Developing\\kword\\words
2019-03-23 19:26:57,762 views.py[line:144] INFO ffffffffffffffffffffffffff
2019-03-23 19:26:57,763 views.py[line:157] INFO C:\\Users\\Cheng\\Desktop\\Developing\\kword\\words
2019-03-23 19:26:58,283 views.py[line:144] INFO ffffffffffffffffffffffffff
2019-03-23 19:26:58,285 views.py[line:157] INFO C:\\Users\\Cheng\\Desktop\\Developing\\kword\\words
2019-03-23 19:26:58,474 views.py[line:144] INFO ffffffffffffffffffffffffff
2019-03-23 19:26:58,476 views.py[line:157] INFO C:\\Users\\Cheng\\Desktop\\Developing\\kword\\words
2019-03-23 19:26:58,660 views.py[line:144] INFO ffffffffffffffffffffffffff
2019-03-23 19:26:58,661 views.py[line:157] INFO C:\\Users\\Cheng\\Desktop\\Developing\\kword\\words
2019-03-23 19:26:58,819 views.py[line:144] INFO ffffffffffffffffffffffffff
2019-03-23 19:26:58,819 views.py[line:157] INFO C:\\Users\\Cheng\\Desktop\\Developing\\kword\\words
2019-03-23 19:26:58,967 views.py[line:144] INFO ffffffffffffffffffffffffff
2019-03-23 19:26:58,967 views.py[line:157] INFO C:\\Users\\Cheng\\Desktop\\Developing\\kword\\words
2019-03-23 19:27:04,220 views.py[line:144] INFO ffffffffffffffffffffffffff
2019-03-23 19:27:04,221 views.py[line:157] INFO C:\\Users\\Cheng\\Desktop\\Developing\\kword\\words
2019-03-23 19:27:15,233 views.py[line:144] INFO ffffffffffffffffffffffffff
2019-03-23 19:27:15,234 views.py[line:157] INFO C:\\Users\\Cheng\\Desktop\\Developing\\kword\\words
2019-03-23 19:27:51,770 views.py[line:144] INFO ffffffffffffffffffffffffff
2019-03-23 19:27:51,772 views.py[line:157] INFO C:\\Users\\Cheng\\Desktop\\Developing\\kword\\words
2019-03-23 19:30:25,257 views.py[line:144] INFO ffffffffffffffffffffffffff
2019-03-23 19:30:25,259 views.py[line:157] INFO C:\\Users\\Cheng\\Desktop\\Developing\\kword\\words
2019-03-23 19:30:30,595 views.py[line:144] INFO ffffffffffffffffffffffffff
2019-03-23 19:30:30,598 views.py[line:157] INFO C:\\Users\\Cheng\\Desktop\\Developing\\kword\\words
2019-03-23 19:30:31,272 views.py[line:144] INFO ffffffffffffffffffffffffff
2019-03-23 19:30:31,273 views.py[line:157] INFO C:\\Users\\Cheng\\Desktop\\Developing\\kword\\words
2019-03-23 19:30:31,801 views.py[line:144] INFO ffffffffffffffffffffffffff
2019-03-23 19:30:31,802 views.py[line:157] INFO C:\\Users\\Cheng\\Desktop\\Developing\\kword\\words
2019-03-23 19:30:32,302 views.py[line:144] INFO ffffffffffffffffffffffffff
2019-03-23 19:30:32,303 views.py[line:157] INFO C:\\Users\\Cheng\\Desktop\\Developing\\kword\\words
2019-03-23 19:30:52,986 views.py[line:144] INFO ffffffffffffffffffffffffff
2019-03-23 19:30:52,987 views.py[line:157] INFO C:\\Users\\Cheng\\Desktop\\Developing\\kword\\words
